0 info it worked if it ends with ok
1 verbose cli [ 'C:\\Program Files\\nodejs\\node.exe',
1 verbose cli   'C:\\Users\\jan.feyen\\AppData\\Roaming\\npm\\node_modules\\npm\\bin\\npm-cli.js',
1 verbose cli   'install',
1 verbose cli   'primeng' ]
2 info using npm@2.14.3
3 info using node@v5.10.1
4 verbose install initial load of C:\Work\playground\breeze-angular2\package.json
5 warn package.json breeze-angular2@1.0.0 No description
6 warn package.json breeze-angular2@1.0.0 No repository field.
7 warn package.json breeze-angular2@1.0.0 No README data
8 verbose installManyTop reading scoped package data from C:\Work\playground\breeze-angular2\node_modules\angular2\package.json
9 verbose installManyTop reading scoped package data from C:\Work\playground\breeze-angular2\node_modules\angular2-in-memory-web-api\package.json
10 verbose installManyTop reading scoped package data from C:\Work\playground\breeze-angular2\node_modules\bootstrap\package.json
11 verbose installManyTop reading scoped package data from C:\Work\playground\breeze-angular2\node_modules\breeze-bridge-angular2\package.json
12 verbose installManyTop reading scoped package data from C:\Work\playground\breeze-angular2\node_modules\breeze-client\package.json
13 verbose installManyTop reading scoped package data from C:\Work\playground\breeze-angular2\node_modules\concurrently\package.json
14 verbose installManyTop reading scoped package data from C:\Work\playground\breeze-angular2\node_modules\core-js\package.json
15 verbose installManyTop reading scoped package data from C:\Work\playground\breeze-angular2\node_modules\datajs\package.json
16 verbose installManyTop reading scoped package data from C:\Work\playground\breeze-angular2\node_modules\es6-shim\package.json
17 verbose installManyTop reading scoped package data from C:\Work\playground\breeze-angular2\node_modules\lite-server\package.json
18 verbose installManyTop reading scoped package data from C:\Work\playground\breeze-angular2\node_modules\primeng\package.json
19 verbose installManyTop reading scoped package data from C:\Work\playground\breeze-angular2\node_modules\primeui\package.json
20 verbose installManyTop reading scoped package data from C:\Work\playground\breeze-angular2\node_modules\reflect-metadata\package.json
21 verbose installManyTop reading scoped package data from C:\Work\playground\breeze-angular2\node_modules\rxjs\package.json
22 verbose installManyTop reading scoped package data from C:\Work\playground\breeze-angular2\node_modules\systemjs\package.json
23 verbose installManyTop reading scoped package data from C:\Work\playground\breeze-angular2\node_modules\typescript\package.json
24 verbose installManyTop reading scoped package data from C:\Work\playground\breeze-angular2\node_modules\typings\package.json
25 verbose installManyTop reading scoped package data from C:\Work\playground\breeze-angular2\node_modules\zone.js\package.json
26 verbose installManyTop reading scoped package data from C:\Work\playground\breeze-angular2\node_modules\@angular\common\package.json
27 verbose installManyTop reading scoped package data from C:\Work\playground\breeze-angular2\node_modules\@angular\compiler\package.json
28 verbose installManyTop reading scoped package data from C:\Work\playground\breeze-angular2\node_modules\@angular\core\package.json
29 verbose installManyTop reading scoped package data from C:\Work\playground\breeze-angular2\node_modules\@angular\forms\package.json
30 verbose installManyTop reading scoped package data from C:\Work\playground\breeze-angular2\node_modules\@angular\http\package.json
31 verbose installManyTop reading scoped package data from C:\Work\playground\breeze-angular2\node_modules\@angular\platform-browser\package.json
32 verbose installManyTop reading scoped package data from C:\Work\playground\breeze-angular2\node_modules\@angular\platform-browser-dynamic\package.json
33 verbose installManyTop reading scoped package data from C:\Work\playground\breeze-angular2\node_modules\@angular\router\package.json
34 verbose installManyTop reading scoped package data from C:\Work\playground\breeze-angular2\node_modules\@angular\router-deprecated\package.json
35 verbose installManyTop reading scoped package data from C:\Work\playground\breeze-angular2\node_modules\@angular\upgrade\package.json
36 info package.json breeze-bridge-angular2@0.2.0 No repository field.
37 info package.json datajs@1.0.3 No repository field.
38 info package.json datajs@1.0.3 No README data
39 info package.json datajs@1.0.3 No license field.
40 info package.json @angular/common@2.0.0-rc.4 No description
41 info package.json @angular/compiler@2.0.0-rc.4 No description
42 info package.json @angular/core@2.0.0-rc.4 No description
43 info package.json @angular/forms@0.2.0 No description
44 info package.json @angular/http@2.0.0-rc.4 No description
45 info package.json @angular/platform-browser@2.0.0-rc.4 No description
46 info package.json @angular/router@3.0.0-beta.1 No description
47 info package.json @angular/router@3.0.0-beta.1 No README data
48 info package.json @angular/router-deprecated@2.0.0-rc.2 No description
49 info package.json @angular/platform-browser-dynamic@2.0.0-rc.4 No description
50 info package.json @angular/upgrade@2.0.0-rc.4 No description
51 verbose readDependencies loading dependencies from C:\Work\playground\breeze-angular2\package.json
52 verbose install primeng is installed as 1.0.0-beta.9
53 silly cache add args [ 'primeng@1.0.0-beta.9', null ]
54 verbose cache add spec primeng@1.0.0-beta.9
55 silly cache add parsed spec Result {
55 silly cache add   raw: 'primeng@1.0.0-beta.9',
55 silly cache add   scope: null,
55 silly cache add   name: 'primeng',
55 silly cache add   rawSpec: '1.0.0-beta.9',
55 silly cache add   spec: '1.0.0-beta.9',
55 silly cache add   type: 'version' }
56 silly addNamed primeng@1.0.0-beta.9
57 verbose addNamed "1.0.0-beta.9" is a plain semver version for primeng
58 silly mapToRegistry name primeng
59 silly mapToRegistry using default registry
60 silly mapToRegistry registry http://registry.npmjs.org/
61 silly mapToRegistry uri http://registry.npmjs.org/primeng
62 verbose addNameVersion registry:http://registry.npmjs.org/primeng not in flight; fetching
63 verbose request uri http://registry.npmjs.org/primeng
64 verbose request no auth needed
65 info attempt registry request try #1 at 1:51:59 PM
66 verbose request id bbdd0a043a8544bb
67 verbose etag "4DDVJS73PWEDRDHF3192JMP3A"
68 http request GET http://registry.npmjs.org/primeng
69 http 304 http://registry.npmjs.org/primeng
70 silly get cb [ 304,
70 silly get   { date: 'Tue, 19 Jul 2016 11:52:27 GMT',
70 silly get     via: '1.1 varnish',
70 silly get     'cache-control': 'max-age=300',
70 silly get     etag: '"4DDVJS73PWEDRDHF3192JMP3A"',
70 silly get     age: '205',
70 silly get     connection: 'keep-alive',
70 silly get     'x-served-by': 'cache-lhr6338-LHR',
70 silly get     'x-cache': 'HIT',
70 silly get     'x-cache-hits': '1',
70 silly get     'x-timer': 'S1468929147.954394,VS0,VE0',
70 silly get     vary: 'Accept-Encoding' } ]
71 verbose etag http://registry.npmjs.org/primeng from cache
72 verbose get saving primeng to C:\Users\jan.feyen\AppData\Roaming\npm-cache\registry.npmjs.org\primeng\.cache.json
73 silly cache afterAdd primeng@1.0.0-beta.9
74 verbose afterAdd C:\Users\jan.feyen\AppData\Roaming\npm-cache\primeng\1.0.0-beta.9\package\package.json not in flight; writing
75 verbose afterAdd C:\Users\jan.feyen\AppData\Roaming\npm-cache\primeng\1.0.0-beta.9\package\package.json written
76 silly install resolved [ { name: 'primeng',
76 silly install resolved     version: '1.0.0-beta.9',
76 silly install resolved     scripts:
76 silly install resolved      { tsc: 'tsc',
76 silly install resolved        'tsc:w': 'tsc -w',
76 silly install resolved        lite: 'lite-server',
76 silly install resolved        start: 'tsc && concurrently "npm run tsc:w" "npm run lite" ' },
76 silly install resolved     repository:
76 silly install resolved      { type: 'git',
76 silly install resolved        url: 'git+https://github.com/primefaces/primeng.git' },
76 silly install resolved     license: 'Apache-2.0',
76 silly install resolved     peerDependencies: { primeui: '^4.1.12' },
76 silly install resolved     devDependencies:
76 silly install resolved      { concurrently: '^2.0.0',
76 silly install resolved        'lite-server': '^2.2.0',
76 silly install resolved        typescript: '^1.8.10',
76 silly install resolved        typings: '^1.0.4' },
76 silly install resolved     gitHead: '06166d5f22097c072245ad27b940d9f887bf2b0a',
76 silly install resolved     description: 'UI Components for AngularJS 2',
76 silly install resolved     bugs: { url: 'https://github.com/primefaces/primeng/issues' },
76 silly install resolved     homepage: 'https://github.com/primefaces/primeng#readme',
76 silly install resolved     _id: 'primeng@1.0.0-beta.9',
76 silly install resolved     _shasum: 'b94728c568ea1dbacb7bebc21f9e9064f8bdc597',
76 silly install resolved     _from: 'primeng@1.0.0-beta.9',
76 silly install resolved     _npmVersion: '3.3.12',
76 silly install resolved     _nodeVersion: '5.4.0',
76 silly install resolved     _npmUser: { name: 'cagatay.civici', email: 'cagatay.civici@gmail.com' },
76 silly install resolved     dist:
76 silly install resolved      { shasum: 'b94728c568ea1dbacb7bebc21f9e9064f8bdc597',
76 silly install resolved        tarball: 'https://registry.npmjs.org/primeng/-/primeng-1.0.0-beta.9.tgz' },
76 silly install resolved     maintainers: [ [Object] ],
76 silly install resolved     _npmOperationalInternal:
76 silly install resolved      { host: 'packages-16-east.internal.npmjs.com',
76 silly install resolved        tmp: 'tmp/primeng-1.0.0-beta.9.tgz_1467219517896_0.07327614189125597' },
76 silly install resolved     directories: {},
76 silly install resolved     _resolved: 'http://registry.npmjs.org/primeng/-/primeng-1.0.0-beta.9.tgz',
76 silly install resolved     readme: 'ERROR: No README data found!' } ]
77 info install primeng@1.0.0-beta.9 into C:\Work\playground\breeze-angular2
78 info installOne primeng@1.0.0-beta.9
79 verbose installOne of primeng to C:\Work\playground\breeze-angular2 not in flight; installing
80 verbose lock using C:\Users\jan.feyen\AppData\Roaming\npm-cache\_locks\primeng-369fe3a033a68837.lock for C:\Work\playground\breeze-angular2\node_modules\primeng
81 silly install write writing primeng 1.0.0-beta.9 to C:\Work\playground\breeze-angular2\node_modules\primeng
82 verbose unbuild node_modules\primeng
83 info preuninstall primeng@1.0.0-beta.9
84 info uninstall primeng@1.0.0-beta.9
85 verbose unbuild rmStuff primeng@1.0.0-beta.9 from C:\Work\playground\breeze-angular2\node_modules
86 info postuninstall primeng@1.0.0-beta.9
87 silly gentlyRm C:\Work\playground\breeze-angular2\node_modules\primeng is being purged from base C:\Work\playground\breeze-angular2
88 verbose gentlyRm don't care about contents; nuking C:\Work\playground\breeze-angular2\node_modules\primeng
89 silly vacuum-fs purging C:\Work\playground\breeze-angular2\node_modules\primeng
90 silly vacuum-fs quitting because other entries in C:\Work\playground\breeze-angular2\node_modules
91 verbose tar unpack C:\Users\jan.feyen\AppData\Roaming\npm-cache\primeng\1.0.0-beta.9\package.tgz
92 verbose tar unpacking to C:\Work\playground\breeze-angular2\node_modules\primeng
93 silly gentlyRm C:\Work\playground\breeze-angular2\node_modules\primeng is being purged
94 verbose gentlyRm don't care about contents; nuking C:\Work\playground\breeze-angular2\node_modules\primeng
95 silly gunzTarPerm modes [ '777', '666' ]
96 silly gunzTarPerm extractEntry package.json
97 silly gunzTarPerm modified mode [ 'package.json', 420, 438 ]
98 silly gunzTarPerm extractEntry .npmignore
99 silly gunzTarPerm modified mode [ '.npmignore', 420, 438 ]
100 silly gunzTarPerm extractEntry README.md
101 silly gunzTarPerm modified mode [ 'README.md', 420, 438 ]
102 silly gunzTarPerm extractEntry primeng.js
103 silly gunzTarPerm modified mode [ 'primeng.js', 420, 438 ]
104 silly gunzTarPerm extractEntry components/common.js
105 silly gunzTarPerm modified mode [ 'components/common.js', 420, 438 ]
106 silly gunzTarPerm extractEntry components/lightbox/lightbox.js
107 silly gunzTarPerm modified mode [ 'components/lightbox/lightbox.js', 420, 438 ]
108 silly gunzTarPerm extractEntry components/lightbox/lightbox.d.ts
109 silly gunzTarPerm modified mode [ 'components/lightbox/lightbox.d.ts', 420, 438 ]
110 silly gunzTarPerm extractEntry components/lightbox/lightbox.js.map
111 silly gunzTarPerm modified mode [ 'components/lightbox/lightbox.js.map', 420, 438 ]
112 silly gunzTarPerm extractEntry components/breadcrumb/breadcrumb.js
113 silly gunzTarPerm modified mode [ 'components/breadcrumb/breadcrumb.js', 420, 438 ]
114 silly gunzTarPerm extractEntry components/breadcrumb/breadcrumb.d.ts
115 silly gunzTarPerm modified mode [ 'components/breadcrumb/breadcrumb.d.ts', 420, 438 ]
116 silly gunzTarPerm extractEntry components/breadcrumb/breadcrumb.js.map
117 silly gunzTarPerm modified mode [ 'components/breadcrumb/breadcrumb.js.map', 420, 438 ]
118 silly gunzTarPerm extractEntry components/button/button.js
119 silly gunzTarPerm modified mode [ 'components/button/button.js', 420, 438 ]
120 silly gunzTarPerm extractEntry components/button/button.d.ts
121 silly gunzTarPerm modified mode [ 'components/button/button.d.ts', 420, 438 ]
122 silly gunzTarPerm extractEntry components/button/button.js.map
123 silly gunzTarPerm modified mode [ 'components/button/button.js.map', 420, 438 ]
124 silly gunzTarPerm extractEntry components/calendar/calendar.js
125 silly gunzTarPerm modified mode [ 'components/calendar/calendar.js', 420, 438 ]
126 silly gunzTarPerm extractEntry components/calendar/calendar.d.ts
127 silly gunzTarPerm modified mode [ 'components/calendar/calendar.d.ts', 420, 438 ]
128 silly gunzTarPerm extractEntry components/calendar/calendar.js.map
129 silly gunzTarPerm modified mode [ 'components/calendar/calendar.js.map', 420, 438 ]
130 silly gunzTarPerm extractEntry components/carousel/carousel.js
131 silly gunzTarPerm modified mode [ 'components/carousel/carousel.js', 420, 438 ]
132 silly gunzTarPerm extractEntry components/carousel/carousel.d.ts
133 silly gunzTarPerm modified mode [ 'components/carousel/carousel.d.ts', 420, 438 ]
134 silly gunzTarPerm extractEntry components/carousel/carousel.js.map
135 silly gunzTarPerm modified mode [ 'components/carousel/carousel.js.map', 420, 438 ]
136 silly gunzTarPerm extractEntry components/chart/chart.js
137 silly gunzTarPerm modified mode [ 'components/chart/chart.js', 420, 438 ]
138 silly gunzTarPerm extractEntry components/chart/chart.d.ts
139 silly gunzTarPerm modified mode [ 'components/chart/chart.d.ts', 420, 438 ]
140 silly gunzTarPerm extractEntry components/chart/chart.js.map
141 silly gunzTarPerm modified mode [ 'components/chart/chart.js.map', 420, 438 ]
142 silly gunzTarPerm extractEntry components/checkbox/checkbox.js
143 silly gunzTarPerm modified mode [ 'components/checkbox/checkbox.js', 420, 438 ]
144 silly gunzTarPerm extractEntry components/checkbox/checkbox.d.ts
145 silly gunzTarPerm modified mode [ 'components/checkbox/checkbox.d.ts', 420, 438 ]
146 silly gunzTarPerm extractEntry components/checkbox/checkbox.js.map
147 silly gunzTarPerm modified mode [ 'components/checkbox/checkbox.js.map', 420, 438 ]
148 silly gunzTarPerm extractEntry components/codehighlighter/codehighlighter.js
149 silly gunzTarPerm modified mode [ 'components/codehighlighter/codehighlighter.js', 420, 438 ]
150 silly gunzTarPerm extractEntry components/codehighlighter/codehighlighter.d.ts
151 silly gunzTarPerm modified mode [ 'components/codehighlighter/codehighlighter.d.ts', 420, 438 ]
152 silly gunzTarPerm extractEntry components/codehighlighter/codehighlighter.js.map
153 silly gunzTarPerm modified mode [ 'components/codehighlighter/codehighlighter.js.map', 420, 438 ]
154 silly gunzTarPerm extractEntry components/column/column.js
155 silly gunzTarPerm modified mode [ 'components/column/column.js', 420, 438 ]
156 silly gunzTarPerm extractEntry components/column/columntemplateloader.js
157 silly gunzTarPerm modified mode [ 'components/column/columntemplateloader.js', 420, 438 ]
158 silly gunzTarPerm extractEntry components/column/column.d.ts
159 silly gunzTarPerm modified mode [ 'components/column/column.d.ts', 420, 438 ]
160 silly gunzTarPerm extractEntry components/column/column.js.map
161 silly gunzTarPerm modified mode [ 'components/column/column.js.map', 420, 438 ]
162 silly gunzTarPerm extractEntry components/column/columntemplateloader.d.ts
163 silly gunzTarPerm modified mode [ 'components/column/columntemplateloader.d.ts', 420, 438 ]
164 silly gunzTarPerm extractEntry components/column/columntemplateloader.js.map
165 silly gunzTarPerm modified mode [ 'components/column/columntemplateloader.js.map', 420, 438 ]
166 silly gunzTarPerm extractEntry components/common.d.ts
167 silly gunzTarPerm modified mode [ 'components/common.d.ts', 420, 438 ]
168 silly gunzTarPerm extractEntry components/accordion/accordion.js
169 silly gunzTarPerm modified mode [ 'components/accordion/accordion.js', 420, 438 ]
170 silly gunzTarPerm extractEntry components/accordion/accordiontab.js
171 silly gunzTarPerm modified mode [ 'components/accordion/accordiontab.js', 420, 438 ]
172 silly gunzTarPerm extractEntry components/accordion/accordion.d.ts
173 silly gunzTarPerm modified mode [ 'components/accordion/accordion.d.ts', 420, 438 ]
174 silly gunzTarPerm extractEntry components/accordion/accordion.js.map
175 silly gunzTarPerm modified mode [ 'components/accordion/accordion.js.map', 420, 438 ]
176 silly gunzTarPerm extractEntry components/accordion/accordiontab.d.ts
177 silly gunzTarPerm modified mode [ 'components/accordion/accordiontab.d.ts', 420, 438 ]
178 silly gunzTarPerm extractEntry components/accordion/accordiontab.js.map
179 silly gunzTarPerm modified mode [ 'components/accordion/accordiontab.js.map', 420, 438 ]
180 silly gunzTarPerm extractEntry components/common.js.map
181 silly gunzTarPerm modified mode [ 'components/common.js.map', 420, 438 ]
182 silly gunzTarPerm extractEntry components/contextmenu/contextmenu.js
183 silly gunzTarPerm modified mode [ 'components/contextmenu/contextmenu.js', 420, 438 ]
184 silly gunzTarPerm extractEntry components/contextmenu/contextmenu.d.ts
185 silly gunzTarPerm modified mode [ 'components/contextmenu/contextmenu.d.ts', 420, 438 ]
186 silly gunzTarPerm extractEntry components/contextmenu/contextmenu.js.map
187 silly gunzTarPerm modified mode [ 'components/contextmenu/contextmenu.js.map', 420, 438 ]
188 silly gunzTarPerm extractEntry components/datagrid/datagrid.js
189 silly gunzTarPerm modified mode [ 'components/datagrid/datagrid.js', 420, 438 ]
190 silly gunzTarPerm extractEntry components/datagrid/datagrid.d.ts
191 silly gunzTarPerm modified mode [ 'components/datagrid/datagrid.d.ts', 420, 438 ]
192 silly gunzTarPerm extractEntry components/datagrid/datagrid.js.map
193 silly gunzTarPerm modified mode [ 'components/datagrid/datagrid.js.map', 420, 438 ]
194 silly gunzTarPerm extractEntry components/datalist/datalist.js
195 silly gunzTarPerm modified mode [ 'components/datalist/datalist.js', 420, 438 ]
196 silly gunzTarPerm extractEntry components/datalist/datalist.d.ts
197 silly gunzTarPerm modified mode [ 'components/datalist/datalist.d.ts', 420, 438 ]
198 silly gunzTarPerm extractEntry components/datalist/datalist.js.map
199 silly gunzTarPerm modified mode [ 'components/datalist/datalist.js.map', 420, 438 ]
200 silly gunzTarPerm extractEntry components/datascroller/datascroller.js
201 silly gunzTarPerm modified mode [ 'components/datascroller/datascroller.js', 420, 438 ]
202 silly gunzTarPerm extractEntry components/datascroller/datascroller.d.ts
203 silly gunzTarPerm modified mode [ 'components/datascroller/datascroller.d.ts', 420, 438 ]
204 silly gunzTarPerm extractEntry components/datascroller/datascroller.js.map
205 silly gunzTarPerm modified mode [ 'components/datascroller/datascroller.js.map', 420, 438 ]
206 silly gunzTarPerm extractEntry components/datatable/datatable.js
207 silly gunzTarPerm modified mode [ 'components/datatable/datatable.js', 420, 438 ]
208 silly gunzTarPerm extractEntry components/datatable/rowexpansionloader.js
209 silly gunzTarPerm modified mode [ 'components/datatable/rowexpansionloader.js', 420, 438 ]
210 silly gunzTarPerm extractEntry components/datatable/datatable.d.ts
211 silly gunzTarPerm modified mode [ 'components/datatable/datatable.d.ts', 420, 438 ]
212 silly gunzTarPerm extractEntry components/datatable/datatable.js.map
213 silly gunzTarPerm modified mode [ 'components/datatable/datatable.js.map', 420, 438 ]
214 silly gunzTarPerm extractEntry components/datatable/rowexpansionloader.d.ts
215 silly gunzTarPerm modified mode [ 'components/datatable/rowexpansionloader.d.ts', 420, 438 ]
216 silly gunzTarPerm extractEntry components/datatable/rowexpansionloader.js.map
217 silly gunzTarPerm modified mode [ 'components/datatable/rowexpansionloader.js.map', 420, 438 ]
218 silly gunzTarPerm extractEntry components/dialog/dialog.js
219 silly gunzTarPerm modified mode [ 'components/dialog/dialog.js', 420, 438 ]
220 silly gunzTarPerm extractEntry components/dialog/dialog.d.ts
221 silly gunzTarPerm modified mode [ 'components/dialog/dialog.d.ts', 420, 438 ]
222 silly gunzTarPerm extractEntry components/dialog/dialog.js.map
223 silly gunzTarPerm modified mode [ 'components/dialog/dialog.js.map', 420, 438 ]
224 silly gunzTarPerm extractEntry components/dom/domhandler.js
225 silly gunzTarPerm modified mode [ 'components/dom/domhandler.js', 420, 438 ]
226 silly gunzTarPerm extractEntry components/dom/domhandler.d.ts
227 silly gunzTarPerm modified mode [ 'components/dom/domhandler.d.ts', 420, 438 ]
228 silly gunzTarPerm extractEntry components/dom/domhandler.js.map
229 silly gunzTarPerm modified mode [ 'components/dom/domhandler.js.map', 420, 438 ]
230 silly gunzTarPerm extractEntry components/dragdrop/draggable.js
231 silly gunzTarPerm modified mode [ 'components/dragdrop/draggable.js', 420, 438 ]
232 silly gunzTarPerm extractEntry components/dragdrop/droppable.js
233 silly gunzTarPerm modified mode [ 'components/dragdrop/droppable.js', 420, 438 ]
234 silly gunzTarPerm extractEntry components/dragdrop/draggable.d.ts
235 silly gunzTarPerm modified mode [ 'components/dragdrop/draggable.d.ts', 420, 438 ]
236 silly gunzTarPerm extractEntry components/dragdrop/draggable.js.map
237 silly gunzTarPerm modified mode [ 'components/dragdrop/draggable.js.map', 420, 438 ]
238 silly gunzTarPerm extractEntry components/dragdrop/droppable.d.ts
239 silly gunzTarPerm modified mode [ 'components/dragdrop/droppable.d.ts', 420, 438 ]
240 silly gunzTarPerm extractEntry components/dragdrop/droppable.js.map
241 silly gunzTarPerm modified mode [ 'components/dragdrop/droppable.js.map', 420, 438 ]
242 silly gunzTarPerm extractEntry components/dropdown/dropdown.js
243 silly gunzTarPerm modified mode [ 'components/dropdown/dropdown.js', 420, 438 ]
244 silly gunzTarPerm extractEntry components/dropdown/dropdown.d.ts
245 silly gunzTarPerm modified mode [ 'components/dropdown/dropdown.d.ts', 420, 438 ]
246 silly gunzTarPerm extractEntry components/dropdown/dropdown.js.map
247 silly gunzTarPerm modified mode [ 'components/dropdown/dropdown.js.map', 420, 438 ]
248 silly gunzTarPerm extractEntry components/editor/editor.js
249 silly gunzTarPerm modified mode [ 'components/editor/editor.js', 420, 438 ]
250 silly gunzTarPerm extractEntry components/editor/editor.d.ts
251 silly gunzTarPerm modified mode [ 'components/editor/editor.d.ts', 420, 438 ]
252 silly gunzTarPerm extractEntry components/editor/editor.js.map
253 silly gunzTarPerm modified mode [ 'components/editor/editor.js.map', 420, 438 ]
254 silly gunzTarPerm extractEntry components/fieldset/fieldset.js
255 silly gunzTarPerm modified mode [ 'components/fieldset/fieldset.js', 420, 438 ]
256 silly gunzTarPerm extractEntry components/fieldset/fieldset.d.ts
257 silly gunzTarPerm modified mode [ 'components/fieldset/fieldset.d.ts', 420, 438 ]
258 silly gunzTarPerm extractEntry components/fieldset/fieldset.js.map
259 silly gunzTarPerm modified mode [ 'components/fieldset/fieldset.js.map', 420, 438 ]
260 silly gunzTarPerm extractEntry components/galleria/galleria.js
261 silly gunzTarPerm modified mode [ 'components/galleria/galleria.js', 420, 438 ]
262 silly gunzTarPerm extractEntry components/galleria/galleria.d.ts
263 silly gunzTarPerm modified mode [ 'components/galleria/galleria.d.ts', 420, 438 ]
264 silly gunzTarPerm extractEntry components/galleria/galleria.js.map
265 silly gunzTarPerm modified mode [ 'components/galleria/galleria.js.map', 420, 438 ]
266 silly gunzTarPerm extractEntry components/gmap/gmap.js
267 silly gunzTarPerm modified mode [ 'components/gmap/gmap.js', 420, 438 ]
268 silly gunzTarPerm extractEntry components/gmap/gmap.d.ts
269 silly gunzTarPerm modified mode [ 'components/gmap/gmap.d.ts', 420, 438 ]
270 silly gunzTarPerm extractEntry components/gmap/gmap.js.map
271 silly gunzTarPerm modified mode [ 'components/gmap/gmap.js.map', 420, 438 ]
272 silly gunzTarPerm extractEntry components/growl/growl.js
273 silly gunzTarPerm modified mode [ 'components/growl/growl.js', 420, 438 ]
274 silly gunzTarPerm extractEntry components/growl/growl.d.ts
275 silly gunzTarPerm modified mode [ 'components/growl/growl.d.ts', 420, 438 ]
276 silly gunzTarPerm extractEntry components/growl/growl.js.map
277 silly gunzTarPerm modified mode [ 'components/growl/growl.js.map', 420, 438 ]
278 silly gunzTarPerm extractEntry components/inputmask/inputmask.js
279 silly gunzTarPerm modified mode [ 'components/inputmask/inputmask.js', 420, 438 ]
280 silly gunzTarPerm extractEntry components/inputmask/inputmask.d.ts
281 silly gunzTarPerm modified mode [ 'components/inputmask/inputmask.d.ts', 420, 438 ]
282 silly gunzTarPerm extractEntry components/inputmask/inputmask.js.map
283 silly gunzTarPerm modified mode [ 'components/inputmask/inputmask.js.map', 420, 438 ]
284 silly gunzTarPerm extractEntry components/inputswitch/inputswitch.js
285 silly gunzTarPerm modified mode [ 'components/inputswitch/inputswitch.js', 420, 438 ]
286 silly gunzTarPerm extractEntry components/inputswitch/inputswitch.d.ts
287 silly gunzTarPerm modified mode [ 'components/inputswitch/inputswitch.d.ts', 420, 438 ]
288 silly gunzTarPerm extractEntry components/inputswitch/inputswitch.js.map
289 silly gunzTarPerm modified mode [ 'components/inputswitch/inputswitch.js.map', 420, 438 ]
290 silly gunzTarPerm extractEntry components/inputtext/inputtext.js
291 silly gunzTarPerm modified mode [ 'components/inputtext/inputtext.js', 420, 438 ]
292 silly gunzTarPerm extractEntry components/inputtext/inputtext.d.ts
293 silly gunzTarPerm modified mode [ 'components/inputtext/inputtext.d.ts', 420, 438 ]
294 silly gunzTarPerm extractEntry components/inputtext/inputtext.js.map
295 silly gunzTarPerm modified mode [ 'components/inputtext/inputtext.js.map', 420, 438 ]
296 silly gunzTarPerm extractEntry components/inputtextarea/inputtextarea.js
297 silly gunzTarPerm modified mode [ 'components/inputtextarea/inputtextarea.js', 420, 438 ]
298 silly gunzTarPerm extractEntry components/inputtextarea/inputtextarea.d.ts
299 silly gunzTarPerm modified mode [ 'components/inputtextarea/inputtextarea.d.ts', 420, 438 ]
300 silly gunzTarPerm extractEntry components/inputtextarea/inputtextarea.js.map
301 silly gunzTarPerm modified mode [ 'components/inputtextarea/inputtextarea.js.map', 420, 438 ]
302 silly gunzTarPerm extractEntry components/autocomplete/autocomplete.js
303 silly gunzTarPerm modified mode [ 'components/autocomplete/autocomplete.js', 420, 438 ]
304 silly gunzTarPerm extractEntry components/autocomplete/autocomplete.d.ts
305 silly gunzTarPerm modified mode [ 'components/autocomplete/autocomplete.d.ts', 420, 438 ]
306 silly gunzTarPerm extractEntry components/autocomplete/autocomplete.js.map
307 silly gunzTarPerm modified mode [ 'components/autocomplete/autocomplete.js.map', 420, 438 ]
308 silly gunzTarPerm extractEntry components/listbox/listbox.js
309 silly gunzTarPerm modified mode [ 'components/listbox/listbox.js', 420, 438 ]
310 silly gunzTarPerm extractEntry components/listbox/listbox.d.ts
311 silly gunzTarPerm modified mode [ 'components/listbox/listbox.d.ts', 420, 438 ]
312 silly gunzTarPerm extractEntry components/listbox/listbox.js.map
313 silly gunzTarPerm modified mode [ 'components/listbox/listbox.js.map', 420, 438 ]
314 silly gunzTarPerm extractEntry components/megamenu/megamenu.js
315 silly gunzTarPerm modified mode [ 'components/megamenu/megamenu.js', 420, 438 ]
316 silly gunzTarPerm extractEntry components/megamenu/megamenu.d.ts
317 silly gunzTarPerm modified mode [ 'components/megamenu/megamenu.d.ts', 420, 438 ]
318 silly gunzTarPerm extractEntry components/megamenu/megamenu.js.map
319 silly gunzTarPerm modified mode [ 'components/megamenu/megamenu.js.map', 420, 438 ]
320 silly gunzTarPerm extractEntry components/menu/menu.js
321 silly gunzTarPerm modified mode [ 'components/menu/menu.js', 420, 438 ]
322 silly gunzTarPerm extractEntry components/menu/menu.d.ts
323 silly gunzTarPerm modified mode [ 'components/menu/menu.d.ts', 420, 438 ]
324 silly gunzTarPerm extractEntry components/menu/menu.js.map
325 silly gunzTarPerm modified mode [ 'components/menu/menu.js.map', 420, 438 ]
326 silly gunzTarPerm extractEntry components/menubar/menubar.js
327 silly gunzTarPerm modified mode [ 'components/menubar/menubar.js', 420, 438 ]
328 silly gunzTarPerm extractEntry components/menubar/menubar.d.ts
329 silly gunzTarPerm modified mode [ 'components/menubar/menubar.d.ts', 420, 438 ]
330 silly gunzTarPerm extractEntry components/menubar/menubar.js.map
331 silly gunzTarPerm modified mode [ 'components/menubar/menubar.js.map', 420, 438 ]
332 silly gunzTarPerm extractEntry components/messages/messages.js
333 silly gunzTarPerm modified mode [ 'components/messages/messages.js', 420, 438 ]
334 silly gunzTarPerm extractEntry components/messages/messages.d.ts
335 silly gunzTarPerm modified mode [ 'components/messages/messages.d.ts', 420, 438 ]
336 silly gunzTarPerm extractEntry components/messages/messages.js.map
337 silly gunzTarPerm modified mode [ 'components/messages/messages.js.map', 420, 438 ]
338 silly gunzTarPerm extractEntry components/multiselect/multiselect.js
339 silly gunzTarPerm modified mode [ 'components/multiselect/multiselect.js', 420, 438 ]
340 silly gunzTarPerm extractEntry components/multiselect/multiselect.d.ts
341 silly gunzTarPerm modified mode [ 'components/multiselect/multiselect.d.ts', 420, 438 ]
342 silly gunzTarPerm extractEntry components/multiselect/multiselect.js.map
343 silly gunzTarPerm modified mode [ 'components/multiselect/multiselect.js.map', 420, 438 ]
344 silly gunzTarPerm extractEntry components/orderlist/orderlist.js
345 silly gunzTarPerm modified mode [ 'components/orderlist/orderlist.js', 420, 438 ]
346 silly gunzTarPerm extractEntry components/orderlist/orderlist.d.ts
347 silly gunzTarPerm modified mode [ 'components/orderlist/orderlist.d.ts', 420, 438 ]
348 silly gunzTarPerm extractEntry components/orderlist/orderlist.js.map
349 silly gunzTarPerm modified mode [ 'components/orderlist/orderlist.js.map', 420, 438 ]
350 silly gunzTarPerm extractEntry components/overlaypanel/overlaypanel.js
351 silly gunzTarPerm modified mode [ 'components/overlaypanel/overlaypanel.js', 420, 438 ]
352 silly gunzTarPerm extractEntry components/overlaypanel/overlaypanel.d.ts
353 silly gunzTarPerm modified mode [ 'components/overlaypanel/overlaypanel.d.ts', 420, 438 ]
354 silly gunzTarPerm extractEntry components/overlaypanel/overlaypanel.js.map
355 silly gunzTarPerm modified mode [ 'components/overlaypanel/overlaypanel.js.map', 420, 438 ]
356 silly gunzTarPerm extractEntry components/paginator/paginator.js
357 silly gunzTarPerm modified mode [ 'components/paginator/paginator.js', 420, 438 ]
358 silly gunzTarPerm extractEntry components/paginator/paginator.d.ts
359 silly gunzTarPerm modified mode [ 'components/paginator/paginator.d.ts', 420, 438 ]
360 silly gunzTarPerm extractEntry components/paginator/paginator.js.map
361 silly gunzTarPerm modified mode [ 'components/paginator/paginator.js.map', 420, 438 ]
362 silly gunzTarPerm extractEntry components/panel/panel.js
363 silly gunzTarPerm modified mode [ 'components/panel/panel.js', 420, 438 ]
364 silly gunzTarPerm extractEntry components/panel/panel.d.ts
365 silly gunzTarPerm modified mode [ 'components/panel/panel.d.ts', 420, 438 ]
366 silly gunzTarPerm extractEntry components/panel/panel.js.map
367 silly gunzTarPerm modified mode [ 'components/panel/panel.js.map', 420, 438 ]
368 silly gunzTarPerm extractEntry components/panelmenu/panelmenu.js
369 silly gunzTarPerm modified mode [ 'components/panelmenu/panelmenu.js', 420, 438 ]
370 silly gunzTarPerm extractEntry components/panelmenu/panelmenu.d.ts
371 silly gunzTarPerm modified mode [ 'components/panelmenu/panelmenu.d.ts', 420, 438 ]
372 silly gunzTarPerm extractEntry components/panelmenu/panelmenu.js.map
373 silly gunzTarPerm modified mode [ 'components/panelmenu/panelmenu.js.map', 420, 438 ]
374 silly gunzTarPerm extractEntry components/password/password.js
375 silly gunzTarPerm modified mode [ 'components/password/password.js', 420, 438 ]
376 silly gunzTarPerm extractEntry components/password/password.d.ts
377 silly gunzTarPerm modified mode [ 'components/password/password.d.ts', 420, 438 ]
378 silly gunzTarPerm extractEntry components/password/password.js.map
379 silly gunzTarPerm modified mode [ 'components/password/password.js.map', 420, 438 ]
380 silly gunzTarPerm extractEntry components/picklist/picklist.js
381 silly gunzTarPerm modified mode [ 'components/picklist/picklist.js', 420, 438 ]
382 silly gunzTarPerm extractEntry components/picklist/picklist.d.ts
383 silly gunzTarPerm modified mode [ 'components/picklist/picklist.d.ts', 420, 438 ]
384 silly gunzTarPerm extractEntry components/picklist/picklist.js.map
385 silly gunzTarPerm modified mode [ 'components/picklist/picklist.js.map', 420, 438 ]
386 silly gunzTarPerm extractEntry components/progressbar/progressbar.js
387 silly gunzTarPerm modified mode [ 'components/progressbar/progressbar.js', 420, 438 ]
388 silly gunzTarPerm extractEntry components/progressbar/progressbar.d.ts
389 silly gunzTarPerm modified mode [ 'components/progressbar/progressbar.d.ts', 420, 438 ]
390 silly gunzTarPerm extractEntry components/progressbar/progressbar.js.map
391 silly gunzTarPerm modified mode [ 'components/progressbar/progressbar.js.map', 420, 438 ]
392 silly gunzTarPerm extractEntry components/radiobutton/radiobutton.js
393 silly gunzTarPerm modified mode [ 'components/radiobutton/radiobutton.js', 420, 438 ]
394 silly gunzTarPerm extractEntry components/radiobutton/radiobutton.d.ts
395 silly gunzTarPerm modified mode [ 'components/radiobutton/radiobutton.d.ts', 420, 438 ]
396 silly gunzTarPerm extractEntry components/radiobutton/radiobutton.js.map
397 silly gunzTarPerm modified mode [ 'components/radiobutton/radiobutton.js.map', 420, 438 ]
398 silly gunzTarPerm extractEntry components/rating/rating.js
399 silly gunzTarPerm modified mode [ 'components/rating/rating.js', 420, 438 ]
400 silly gunzTarPerm extractEntry components/rating/rating.d.ts
401 silly gunzTarPerm modified mode [ 'components/rating/rating.d.ts', 420, 438 ]
402 silly gunzTarPerm extractEntry components/rating/rating.js.map
403 silly gunzTarPerm modified mode [ 'components/rating/rating.js.map', 420, 438 ]
404 silly gunzTarPerm extractEntry components/schedule/schedule.js
405 silly gunzTarPerm modified mode [ 'components/schedule/schedule.js', 420, 438 ]
406 silly gunzTarPerm extractEntry components/schedule/schedule.d.ts
407 silly gunzTarPerm modified mode [ 'components/schedule/schedule.d.ts', 420, 438 ]
408 silly gunzTarPerm extractEntry components/schedule/schedule.js.map
409 silly gunzTarPerm modified mode [ 'components/schedule/schedule.js.map', 420, 438 ]
410 silly gunzTarPerm extractEntry components/selectbutton/selectbutton.js
411 silly gunzTarPerm modified mode [ 'components/selectbutton/selectbutton.js', 420, 438 ]
412 silly gunzTarPerm extractEntry components/selectbutton/selectbutton.d.ts
413 silly gunzTarPerm modified mode [ 'components/selectbutton/selectbutton.d.ts', 420, 438 ]
414 silly gunzTarPerm extractEntry components/selectbutton/selectbutton.js.map
415 silly gunzTarPerm modified mode [ 'components/selectbutton/selectbutton.js.map', 420, 438 ]
416 silly gunzTarPerm extractEntry components/slidemenu/slidemenu.js
417 silly gunzTarPerm modified mode [ 'components/slidemenu/slidemenu.js', 420, 438 ]
418 silly gunzTarPerm extractEntry components/slidemenu/slidemenu.d.ts
419 silly gunzTarPerm modified mode [ 'components/slidemenu/slidemenu.d.ts', 420, 438 ]
420 silly gunzTarPerm extractEntry components/slidemenu/slidemenu.js.map
421 silly gunzTarPerm modified mode [ 'components/slidemenu/slidemenu.js.map', 420, 438 ]
422 silly gunzTarPerm extractEntry components/slider/slider.js
423 silly gunzTarPerm modified mode [ 'components/slider/slider.js', 420, 438 ]
424 silly gunzTarPerm extractEntry components/slider/slider.d.ts
425 silly gunzTarPerm modified mode [ 'components/slider/slider.d.ts', 420, 438 ]
426 silly gunzTarPerm extractEntry components/slider/slider.js.map
427 silly gunzTarPerm modified mode [ 'components/slider/slider.js.map', 420, 438 ]
428 silly gunzTarPerm extractEntry components/spinner/spinner.js
429 silly gunzTarPerm modified mode [ 'components/spinner/spinner.js', 420, 438 ]
430 silly gunzTarPerm extractEntry components/spinner/spinner.d.ts
431 silly gunzTarPerm modified mode [ 'components/spinner/spinner.d.ts', 420, 438 ]
432 silly gunzTarPerm extractEntry components/spinner/spinner.js.map
433 silly gunzTarPerm modified mode [ 'components/spinner/spinner.js.map', 420, 438 ]
434 silly gunzTarPerm extractEntry components/splitbutton/splitbutton.js
435 silly gunzTarPerm modified mode [ 'components/splitbutton/splitbutton.js', 420, 438 ]
436 silly gunzTarPerm extractEntry components/splitbutton/splitbuttonitem.js
437 silly gunzTarPerm modified mode [ 'components/splitbutton/splitbuttonitem.js', 420, 438 ]
438 silly gunzTarPerm extractEntry components/splitbutton/splitbutton.d.ts
439 silly gunzTarPerm modified mode [ 'components/splitbutton/splitbutton.d.ts', 420, 438 ]
440 silly gunzTarPerm extractEntry components/splitbutton/splitbutton.js.map
441 silly gunzTarPerm modified mode [ 'components/splitbutton/splitbutton.js.map', 420, 438 ]
442 silly gunzTarPerm extractEntry components/splitbutton/splitbuttonitem.d.ts
443 silly gunzTarPerm modified mode [ 'components/splitbutton/splitbuttonitem.d.ts', 420, 438 ]
444 silly gunzTarPerm extractEntry components/splitbutton/splitbuttonitem.js.map
445 silly gunzTarPerm modified mode [ 'components/splitbutton/splitbuttonitem.js.map', 420, 438 ]
446 silly gunzTarPerm extractEntry components/tabmenu/tabmenu.js
447 silly gunzTarPerm modified mode [ 'components/tabmenu/tabmenu.js', 420, 438 ]
448 silly gunzTarPerm extractEntry components/tabmenu/tabmenu.d.ts
449 silly gunzTarPerm modified mode [ 'components/tabmenu/tabmenu.d.ts', 420, 438 ]
450 silly gunzTarPerm extractEntry components/tabmenu/tabmenu.js.map
451 silly gunzTarPerm modified mode [ 'components/tabmenu/tabmenu.js.map', 420, 438 ]
452 silly gunzTarPerm extractEntry components/tabview/tabpanel.js
453 silly gunzTarPerm modified mode [ 'components/tabview/tabpanel.js', 420, 438 ]
454 silly gunzTarPerm extractEntry components/tabview/tabview.js
455 silly gunzTarPerm modified mode [ 'components/tabview/tabview.js', 420, 438 ]
456 silly gunzTarPerm extractEntry components/tabview/tabpanel.d.ts
457 silly gunzTarPerm modified mode [ 'components/tabview/tabpanel.d.ts', 420, 438 ]
458 silly gunzTarPerm extractEntry components/tabview/tabpanel.js.map
459 silly gunzTarPerm modified mode [ 'components/tabview/tabpanel.js.map', 420, 438 ]
460 silly gunzTarPerm extractEntry components/tabview/tabview.d.ts
461 silly gunzTarPerm modified mode [ 'components/tabview/tabview.d.ts', 420, 438 ]
462 silly gunzTarPerm extractEntry components/tabview/tabview.js.map
463 silly gunzTarPerm modified mode [ 'components/tabview/tabview.js.map', 420, 438 ]
464 silly gunzTarPerm extractEntry components/terminal/terminal.js
465 silly gunzTarPerm modified mode [ 'components/terminal/terminal.js', 420, 438 ]
466 silly gunzTarPerm extractEntry components/terminal/terminal.d.ts
467 silly gunzTarPerm modified mode [ 'components/terminal/terminal.d.ts', 420, 438 ]
468 silly gunzTarPerm extractEntry components/terminal/terminal.js.map
469 silly gunzTarPerm modified mode [ 'components/terminal/terminal.js.map', 420, 438 ]
470 silly gunzTarPerm extractEntry components/tieredmenu/tieredmenu.js
471 silly gunzTarPerm modified mode [ 'components/tieredmenu/tieredmenu.js', 420, 438 ]
472 silly gunzTarPerm extractEntry components/tieredmenu/tieredmenu.d.ts
473 silly gunzTarPerm modified mode [ 'components/tieredmenu/tieredmenu.d.ts', 420, 438 ]
474 silly gunzTarPerm extractEntry components/tieredmenu/tieredmenu.js.map
475 silly gunzTarPerm modified mode [ 'components/tieredmenu/tieredmenu.js.map', 420, 438 ]
476 silly gunzTarPerm extractEntry components/togglebutton/togglebutton.js
477 silly gunzTarPerm modified mode [ 'components/togglebutton/togglebutton.js', 420, 438 ]
478 silly gunzTarPerm extractEntry components/togglebutton/togglebutton.d.ts
479 silly gunzTarPerm modified mode [ 'components/togglebutton/togglebutton.d.ts', 420, 438 ]
480 silly gunzTarPerm extractEntry components/togglebutton/togglebutton.js.map
481 silly gunzTarPerm modified mode [ 'components/togglebutton/togglebutton.js.map', 420, 438 ]
482 silly gunzTarPerm extractEntry components/toolbar/toolbar.js
483 silly gunzTarPerm modified mode [ 'components/toolbar/toolbar.js', 420, 438 ]
484 silly gunzTarPerm extractEntry components/toolbar/toolbar.d.ts
485 silly gunzTarPerm modified mode [ 'components/toolbar/toolbar.d.ts', 420, 438 ]
486 silly gunzTarPerm extractEntry components/toolbar/toolbar.js.map
487 silly gunzTarPerm modified mode [ 'components/toolbar/toolbar.js.map', 420, 438 ]
488 silly gunzTarPerm extractEntry components/tooltip/tooltip.js
489 silly gunzTarPerm modified mode [ 'components/tooltip/tooltip.js', 420, 438 ]
490 silly gunzTarPerm extractEntry components/tooltip/tooltip.d.ts
491 silly gunzTarPerm modified mode [ 'components/tooltip/tooltip.d.ts', 420, 438 ]
492 silly gunzTarPerm extractEntry components/tooltip/tooltip.js.map
493 silly gunzTarPerm modified mode [ 'components/tooltip/tooltip.js.map', 420, 438 ]
494 silly gunzTarPerm extractEntry components/tree/treenode.js
495 silly gunzTarPerm modified mode [ 'components/tree/treenode.js', 420, 438 ]
496 silly gunzTarPerm extractEntry components/tree/tree.js
497 silly gunzTarPerm modified mode [ 'components/tree/tree.js', 420, 438 ]
498 silly gunzTarPerm extractEntry components/tree/treenodetemplateloader.js
499 silly gunzTarPerm modified mode [ 'components/tree/treenodetemplateloader.js', 420, 438 ]
500 silly gunzTarPerm extractEntry components/tree/uitreenode.js
501 silly gunzTarPerm modified mode [ 'components/tree/uitreenode.js', 420, 438 ]
502 silly gunzTarPerm extractEntry components/tree/treenodetemplateloader.d.ts
503 silly gunzTarPerm modified mode [ 'components/tree/treenodetemplateloader.d.ts', 420, 438 ]
504 silly gunzTarPerm extractEntry components/tree/tree.js.map
505 silly gunzTarPerm modified mode [ 'components/tree/tree.js.map', 420, 438 ]
506 silly gunzTarPerm extractEntry components/tree/tree.d.ts
507 silly gunzTarPerm modified mode [ 'components/tree/tree.d.ts', 420, 438 ]
508 silly gunzTarPerm extractEntry components/tree/treenodetemplateloader.js.map
509 silly gunzTarPerm modified mode [ 'components/tree/treenodetemplateloader.js.map', 420, 438 ]
510 silly gunzTarPerm extractEntry components/tree/uitreenode.d.ts
511 silly gunzTarPerm modified mode [ 'components/tree/uitreenode.d.ts', 420, 438 ]
512 silly gunzTarPerm extractEntry components/tree/treenode.js.map
513 silly gunzTarPerm modified mode [ 'components/tree/treenode.js.map', 420, 438 ]
514 silly gunzTarPerm extractEntry components/tree/uitreenode.js.map
515 silly gunzTarPerm modified mode [ 'components/tree/uitreenode.js.map', 420, 438 ]
516 silly gunzTarPerm extractEntry components/treetable/treetable.js
517 silly gunzTarPerm modified mode [ 'components/treetable/treetable.js', 420, 438 ]
518 silly gunzTarPerm extractEntry components/treetable/uitreerow.js
519 silly gunzTarPerm modified mode [ 'components/treetable/uitreerow.js', 420, 438 ]
520 silly gunzTarPerm extractEntry components/treetable/treetable.d.ts
521 silly gunzTarPerm modified mode [ 'components/treetable/treetable.d.ts', 420, 438 ]
522 silly gunzTarPerm extractEntry components/treetable/treetable.js.map
523 silly gunzTarPerm modified mode [ 'components/treetable/treetable.js.map', 420, 438 ]
524 silly gunzTarPerm extractEntry components/treetable/uitreerow.d.ts
525 silly gunzTarPerm modified mode [ 'components/treetable/uitreerow.d.ts', 420, 438 ]
526 silly gunzTarPerm extractEntry components/treetable/uitreerow.js.map
527 silly gunzTarPerm modified mode [ 'components/treetable/uitreerow.js.map', 420, 438 ]
528 silly gunzTarPerm extractEntry primeng.d.ts
529 silly gunzTarPerm modified mode [ 'primeng.d.ts', 420, 438 ]
530 silly gunzTarPerm extractEntry LICENSE.md
531 silly gunzTarPerm modified mode [ 'LICENSE.md', 420, 438 ]
532 silly gunzTarPerm extractEntry primeng.js.map
533 silly gunzTarPerm modified mode [ 'primeng.js.map', 420, 438 ]
534 verbose write writing to C:\Work\playground\breeze-angular2\node_modules\primeng\package.json
535 info preinstall primeng@1.0.0-beta.9
536 verbose readDependencies loading dependencies from C:\Work\playground\breeze-angular2\node_modules\primeng\package.json
537 verbose readDependencies loading dependencies from C:\Work\playground\breeze-angular2\node_modules\primeng\package.json
538 silly install resolved []
539 verbose about to build C:\Work\playground\breeze-angular2\node_modules\primeng
540 info build C:\Work\playground\breeze-angular2\node_modules\primeng
541 info linkStuff primeng@1.0.0-beta.9
542 silly linkStuff primeng@1.0.0-beta.9 has C:\Work\playground\breeze-angular2\node_modules as its parent node_modules
543 verbose linkBins primeng@1.0.0-beta.9
544 verbose linkMans primeng@1.0.0-beta.9
545 verbose rebuildBundles primeng@1.0.0-beta.9
546 info install primeng@1.0.0-beta.9
547 info postinstall primeng@1.0.0-beta.9
548 verbose unlock done using C:\Users\jan.feyen\AppData\Roaming\npm-cache\_locks\primeng-369fe3a033a68837.lock for C:\Work\playground\breeze-angular2\node_modules\primeng
549 verbose validateInstall loading C:\Work\playground\breeze-angular2\package.json for validation
550 verbose stack Error: The package rxjs@5.0.0-beta.6 does not satisfy its siblings' peerDependencies requirements!
550 verbose stack     at C:\Users\jan.feyen\AppData\Roaming\npm\node_modules\npm\lib\install.js:125:32
550 verbose stack     at C:\Users\jan.feyen\AppData\Roaming\npm\node_modules\npm\lib\install.js:268:7
550 verbose stack     at C:\Users\jan.feyen\AppData\Roaming\npm\node_modules\npm\node_modules\read-installed\read-installed.js:142:5
550 verbose stack     at C:\Users\jan.feyen\AppData\Roaming\npm\node_modules\npm\node_modules\read-installed\read-installed.js:263:14
550 verbose stack     at cb (C:\Users\jan.feyen\AppData\Roaming\npm\node_modules\npm\node_modules\slide\lib\async-map.js:47:24)
550 verbose stack     at C:\Users\jan.feyen\AppData\Roaming\npm\node_modules\npm\node_modules\read-installed\read-installed.js:263:14
550 verbose stack     at cb (C:\Users\jan.feyen\AppData\Roaming\npm\node_modules\npm\node_modules\slide\lib\async-map.js:47:24)
550 verbose stack     at C:\Users\jan.feyen\AppData\Roaming\npm\node_modules\npm\node_modules\read-installed\read-installed.js:263:14
550 verbose stack     at cb (C:\Users\jan.feyen\AppData\Roaming\npm\node_modules\npm\node_modules\slide\lib\async-map.js:47:24)
550 verbose stack     at C:\Users\jan.feyen\AppData\Roaming\npm\node_modules\npm\node_modules\read-installed\read-installed.js:263:14
551 verbose cwd C:\Work\playground\breeze-angular2
552 error Windows_NT 6.1.7601
553 error argv "C:\\Program Files\\nodejs\\node.exe" "C:\\Users\\jan.feyen\\AppData\\Roaming\\npm\\node_modules\\npm\\bin\\npm-cli.js" "install" "primeng"
554 error node v5.10.1
555 error npm  v2.14.3
556 error code EPEERINVALID
557 error peerinvalid The package rxjs@5.0.0-beta.6 does not satisfy its siblings' peerDependencies requirements!
557 error peerinvalid Peer @angular/core@2.0.0-rc.4 wants rxjs@5.0.0-beta.6
557 error peerinvalid Peer @angular/http@2.0.0-rc.4 wants rxjs@5.0.0-beta.6
558 verbose exit [ 1, true ]
